<?xml version="1.0" encoding="UTF-8"?>
<testsuite xmlns:xsi="http://www.w3.org/2001/XMLSchema-instance" xsi:noNamespaceSchemaLocation="https://maven.apache.org/surefire/maven-surefire-plugin/xsd/surefire-test-report.xsd" name="test.acquire.unit.controller.AcquireGameHelperTest" time="0.198" tests="2" errors="0" skipped="0" failures="0">
  <properties>
    <property name="java.specification.version" value="17"/>
    <property name="sun.jnu.encoding" value="UTF-8"/>
    <property name="java.class.path" value="/Users/sunilsakthivel/Acc Masters/Spring 2024/P532/Pair7/project08/target/test-classes:/Users/sunilsakthivel/Acc Masters/Spring 2024/P532/Pair7/project08/target/classes:/Users/sunilsakthivel/.m2/repository/com/fasterxml/jackson/core/jackson-core/2.15.2/jackson-core-2.15.2.jar:/Users/sunilsakthivel/.m2/repository/com/fasterxml/jackson/core/jackson-annotations/2.15.2/jackson-annotations-2.15.2.jar:/Users/sunilsakthivel/.m2/repository/com/fasterxml/jackson/core/jackson-databind/2.15.2/jackson-databind-2.15.2.jar:/Users/sunilsakthivel/.m2/repository/junit/junit/4.13.2/junit-4.13.2.jar:/Users/sunilsakthivel/.m2/repository/org/hamcrest/hamcrest-core/1.3/hamcrest-core-1.3.jar:/Users/sunilsakthivel/.m2/repository/org/mockito/mockito-core/4.8.1/mockito-core-4.8.1.jar:/Users/sunilsakthivel/.m2/repository/net/bytebuddy/byte-buddy/1.12.16/byte-buddy-1.12.16.jar:/Users/sunilsakthivel/.m2/repository/net/bytebuddy/byte-buddy-agent/1.12.16/byte-buddy-agent-1.12.16.jar:/Users/sunilsakthivel/.m2/repository/org/objenesis/objenesis/3.2/objenesis-3.2.jar:"/>
    <property name="java.vm.vendor" value="Amazon.com Inc."/>
    <property name="sun.arch.data.model" value="64"/>
    <property name="java.vendor.url" value="https://aws.amazon.com/corretto/"/>
    <property name="os.name" value="Mac OS X"/>
    <property name="java.vm.specification.version" value="17"/>
    <property name="outputDirectory" value="src/test/resources/outputJson"/>
    <property name="sun.java.launcher" value="SUN_STANDARD"/>
    <property name="user.country" value="US"/>
    <property name="inputDirectory" value="src/test/resources/inputJson"/>
    <property name="sun.boot.library.path" value="/Users/sunilsakthivel/Library/Java/JavaVirtualMachines/corretto-17.0.10/Contents/Home/lib"/>
    <property name="sun.java.command" value="/Users/sunilsakthivel/Acc Masters/Spring 2024/P532/Pair7/project08/target/surefire/surefirebooter18162015923167527269.jar /Users/sunilsakthivel/Acc Masters/Spring 2024/P532/Pair7/project08/target/surefire 2024-04-07T19-13-26_776-jvmRun1 surefire14085492362440751961tmp surefire_06135278203938216760tmp"/>
    <property name="http.nonProxyHosts" value="local|*.local|169.254/16|*.169.254/16"/>
    <property name="jdk.debug" value="release"/>
    <property name="surefire.test.class.path" value="/Users/sunilsakthivel/Acc Masters/Spring 2024/P532/Pair7/project08/target/test-classes:/Users/sunilsakthivel/Acc Masters/Spring 2024/P532/Pair7/project08/target/classes:/Users/sunilsakthivel/.m2/repository/com/fasterxml/jackson/core/jackson-core/2.15.2/jackson-core-2.15.2.jar:/Users/sunilsakthivel/.m2/repository/com/fasterxml/jackson/core/jackson-annotations/2.15.2/jackson-annotations-2.15.2.jar:/Users/sunilsakthivel/.m2/repository/com/fasterxml/jackson/core/jackson-databind/2.15.2/jackson-databind-2.15.2.jar:/Users/sunilsakthivel/.m2/repository/junit/junit/4.13.2/junit-4.13.2.jar:/Users/sunilsakthivel/.m2/repository/org/hamcrest/hamcrest-core/1.3/hamcrest-core-1.3.jar:/Users/sunilsakthivel/.m2/repository/org/mockito/mockito-core/4.8.1/mockito-core-4.8.1.jar:/Users/sunilsakthivel/.m2/repository/net/bytebuddy/byte-buddy/1.12.16/byte-buddy-1.12.16.jar:/Users/sunilsakthivel/.m2/repository/net/bytebuddy/byte-buddy-agent/1.12.16/byte-buddy-agent-1.12.16.jar:/Users/sunilsakthivel/.m2/repository/org/objenesis/objenesis/3.2/objenesis-3.2.jar:"/>
    <property name="sun.cpu.endian" value="little"/>
    <property name="user.home" value="/Users/sunilsakthivel"/>
    <property name="user.language" value="en"/>
    <property name="java.specification.vendor" value="Oracle Corporation"/>
    <property name="java.version.date" value="2024-01-16"/>
    <property name="java.home" value="/Users/sunilsakthivel/Library/Java/JavaVirtualMachines/corretto-17.0.10/Contents/Home"/>
    <property name="file.separator" value="/"/>
    <property name="basedir" value="/Users/sunilsakthivel/Acc Masters/Spring 2024/P532/Pair7/project08"/>
    <property name="java.vm.compressedOopsMode" value="Zero based"/>
    <property name="line.separator" value="&#10;"/>
    <property name="java.vm.specification.vendor" value="Oracle Corporation"/>
    <property name="java.specification.name" value="Java Platform API Specification"/>
    <property name="surefire.real.class.path" value="/Users/sunilsakthivel/Acc Masters/Spring 2024/P532/Pair7/project08/target/surefire/surefirebooter18162015923167527269.jar"/>
    <property name="sun.management.compiler" value="HotSpot 64-Bit Tiered Compilers"/>
    <property name="ftp.nonProxyHosts" value="local|*.local|169.254/16|*.169.254/16"/>
    <property name="java.runtime.version" value="17.0.10+7-LTS"/>
    <property name="user.name" value="sunilsakthivel"/>
    <property name="path.separator" value=":"/>
    <property name="os.version" value="14.0"/>
    <property name="java.runtime.name" value="OpenJDK Runtime Environment"/>
    <property name="file.encoding" value="UTF-8"/>
    <property name="java.vm.name" value="OpenJDK 64-Bit Server VM"/>
    <property name="java.vendor.version" value="Corretto-17.0.10.7.1"/>
    <property name="localRepository" value="/Users/sunilsakthivel/.m2/repository"/>
    <property name="java.vendor.url.bug" value="https://github.com/corretto/corretto-17/issues/"/>
    <property name="java.io.tmpdir" value="/var/folders/pf/thv5yt5d1mv_nl1yf3sgmmrm0000gn/T/"/>
    <property name="idea.version" value="2023.3.3"/>
    <property name="java.version" value="17.0.10"/>
    <property name="user.dir" value="/Users/sunilsakthivel/Acc Masters/Spring 2024/P532/Pair7/project08"/>
    <property name="os.arch" value="x86_64"/>
    <property name="java.vm.specification.name" value="Java Virtual Machine Specification"/>
    <property name="native.encoding" value="UTF-8"/>
    <property name="java.library.path" value="/Users/sunilsakthivel/Library/Java/Extensions:/Library/Java/Extensions:/Network/Library/Java/Extensions:/System/Library/Java/Extensions:/usr/lib/java:."/>
    <property name="java.vm.info" value="mixed mode, sharing"/>
    <property name="java.vendor" value="Amazon.com Inc."/>
    <property name="java.vm.version" value="17.0.10+7-LTS"/>
    <property name="sun.io.unicode.encoding" value="UnicodeBig"/>
    <property name="socksNonProxyHosts" value="local|*.local|169.254/16|*.169.254/16"/>
    <property name="java.class.version" value="61.0"/>
  </properties>
  <testcase name="testIsValidCoordinate" classname="test.acquire.unit.controller.AcquireGameHelperTest" time="0.019"/>
  <testcase name="testCreateJsonFromArray" classname="test.acquire.unit.controller.AcquireGameHelperTest" time="0.178"/>
</testsuite>